<?xml version="1.0" encoding="UTF-8"?>
<testsuite name="com.example.project.TestUser" tests="2" skipped="0" failures="0" errors="0" timestamp="2025-01-26T02:13:33" hostname="codespaces-fa7967" time="0.038">
  <properties/>
  <testcase name="testUserConstructor()" classname="com.example.project.TestUser" time="0.036"/>
  <testcase name="testUserInfo()" classname="com.example.project.TestUser" time="0.001"/>
  <system-out><![CDATA[]]></system-out>
  <system-err><![CDATA[]]></system-err>
</testsuite>
